<?xml version="1.0" encoding="UTF-8"?>
<testsuite xmlns:xsi="http://www.w3.org/2001/XMLSchema-instance" xsi:schemaLocation="https://maven.apache.org/surefire/maven-surefire-plugin/xsd/surefire-test-report.xsd" name="pl.polsl.gowor.oliwia.test.ModelTest" time="0.079" tests="31" errors="0" skipped="0" failures="0">
  <properties>
[...]
</properties>
  <testcase name="shouldThrowExceptionWhenAddedOrderisNull" classname="pl.polsl.gowor.oliwia.test.ModelTest" time="0.013"/>
  <testcase name="shouldFindOrderWhenDateIsOnList{Date}[1]" classname="pl.polsl.gowor.oliwia.test.ModelTest" time="0.011"/>
  <testcase name="shouldFindOrderWhenDateIsOnList{Date}[2]" classname="pl.polsl.gowor.oliwia.test.ModelTest" time="0"/>
  <testcase name="shouldAddNewProduct{Product}[1]" classname="pl.polsl.gowor.oliwia.test.ModelTest" time="0.001"/>
  <testcase name="shouldAddNewProduct{Product}[2]" classname="pl.polsl.gowor.oliwia.test.ModelTest" time="0"/>
  <testcase name="shouldAddNewProduct{Product}[3]" classname="pl.polsl.gowor.oliwia.test.ModelTest" time="0"/>
  <testcase name="shouldFindOrderWhenNumberIsOnList{String}[1]" classname="pl.polsl.gowor.oliwia.test.ModelTest" time="0.001"/>
  <testcase name="shouldFindOrderWhenNumberIsOnList{String}[2]" classname="pl.polsl.gowor.oliwia.test.ModelTest" time="0.001"/>
  <testcase name="shouldAddCorrectOrder{Order}[1]" classname="pl.polsl.gowor.oliwia.test.ModelTest" time="0"/>
  <testcase name="shouldAddCorrectOrder{Order}[2]" classname="pl.polsl.gowor.oliwia.test.ModelTest" time="0"/>
  <testcase name="shuldNotThrowOrderNotFoundException{Date}[1]" classname="pl.polsl.gowor.oliwia.test.ModelTest" time="0"/>
  <testcase name="shuldNotThrowOrderNotFoundException{Date}[2]" classname="pl.polsl.gowor.oliwia.test.ModelTest" time="0"/>
  <testcase name="shuldThrowOrderNotFoundException{Date}[1]" classname="pl.polsl.gowor.oliwia.test.ModelTest" time="0.001"/>
  <testcase name="shuldThrowOrderNotFoundException{Date}[2]" classname="pl.polsl.gowor.oliwia.test.ModelTest" time="0"/>
  <testcase name="shuldThrowOrderNotFoundException{Date}[3]" classname="pl.polsl.gowor.oliwia.test.ModelTest" time="0"/>
  <testcase name="shouldNotAddOrderWithRepeatedNumber{Order}[1]" classname="pl.polsl.gowor.oliwia.test.ModelTest" time="0"/>
  <testcase name="shouldNotAddOrderWithRepeatedNumber{Order}[2]" classname="pl.polsl.gowor.oliwia.test.ModelTest" time="0"/>
  <testcase name="shouldNotAddNewProductWhenProductisNull" classname="pl.polsl.gowor.oliwia.test.ModelTest" time="0.001"/>
  <testcase name="shouldThrowExceptionWhenOrderDateToFindIsNotOnListOrNull{Date}[1]" classname="pl.polsl.gowor.oliwia.test.ModelTest" time="0.001"/>
  <testcase name="shouldThrowExceptionWhenOrderDateToFindIsNotOnListOrNull{Date}[2]" classname="pl.polsl.gowor.oliwia.test.ModelTest" time="0"/>
  <testcase name="shouldThrowExceptionWhenOrderDateToFindIsNotOnListOrNull{Date}[3]" classname="pl.polsl.gowor.oliwia.test.ModelTest" time="0"/>
  <testcase name="shouldDeleteWhenRightNumber{String}[1]" classname="pl.polsl.gowor.oliwia.test.ModelTest" time="0"/>
  <testcase name="shouldDeleteWhenRightNumber{String}[2]" classname="pl.polsl.gowor.oliwia.test.ModelTest" time="0.001"/>
  <testcase name="shouldThrowExceptionWhenNumberToDeleteIsNotOnListOrNull{String}[1]" classname="pl.polsl.gowor.oliwia.test.ModelTest" time="0"/>
  <testcase name="shouldThrowExceptionWhenNumberToDeleteIsNotOnListOrNull{String}[2]" classname="pl.polsl.gowor.oliwia.test.ModelTest" time="0"/>
  <testcase name="shouldThrowExceptionWhenNumberToDeleteIsNotOnListOrNull{String}[3]" classname="pl.polsl.gowor.oliwia.test.ModelTest" time="0.001"/>
  <testcase name="shouldThrowExceptionWhenNumberToDeleteIsNotOnListOrNull{String}[4]" classname="pl.polsl.gowor.oliwia.test.ModelTest" time="0"/>
  <testcase name="shouldThrowExceptionWhenOrderNumberToFindIsNotOnListOrNull{String}[1]" classname="pl.polsl.gowor.oliwia.test.ModelTest" time="0.001"/>
  <testcase name="shouldThrowExceptionWhenOrderNumberToFindIsNotOnListOrNull{String}[2]" classname="pl.polsl.gowor.oliwia.test.ModelTest" time="0"/>
  <testcase name="shouldThrowExceptionWhenOrderNumberToFindIsNotOnListOrNull{String}[3]" classname="pl.polsl.gowor.oliwia.test.ModelTest" time="0"/>
  <testcase name="shouldThrowExceptionWhenOrderNumberToFindIsNotOnListOrNull{String}[4]" classname="pl.polsl.gowor.oliwia.test.ModelTest" time="0.001"/>
</testsuite>